E:\DATA\STUDY\SOCIAL NETWORK\CODING\BAO CAO\SOURCE CODE\KEYPLAYERS_GUI\DEBUG\KEYPLAYERS_GUI.EXE
E:\DATA\STUDY\SOCIAL NETWORK\CODING\BAO CAO\SOURCE CODE\KEYPLAYERS_GUI\DEBUG\KEYPLAYERS_GUI.ILK
E:\DATA\STUDY\SOCIAL NETWORK\CODING\BAO CAO\SOURCE CODE\KEYPLAYERS_GUI\DEBUG\KEYPLAYERS_GUI.PDB
E:\DATA\STUDY\SOCIAL NETWORK\CODING\BAO CAO\SOURCE CODE\KEYPLAYERS_GUI\KEYPLAYERS_GUI\DEBUG\KEYPLAYERS_GUI.EXE.EMBED.MANIFEST
E:\DATA\STUDY\SOCIAL NETWORK\CODING\BAO CAO\SOURCE CODE\KEYPLAYERS_GUI\KEYPLAYERS_GUI\DEBUG\KEYPLAYERS_GUI.EXE.EMBED.MANIFEST.RES
E:\DATA\STUDY\SOCIAL NETWORK\CODING\BAO CAO\SOURCE CODE\KEYPLAYERS_GUI\KEYPLAYERS_GUI\DEBUG\KEYPLAYERS_GUI.EXE.INTERMEDIATE.MANIFEST
E:\DATA\STUDY\SOCIAL NETWORK\CODING\BAO CAO\SOURCE CODE\KEYPLAYERS_GUI\KEYPLAYERS_GUI\DEBUG\KEYPLAYERS_GUI.OBJ
E:\DATA\STUDY\SOCIAL NETWORK\CODING\BAO CAO\SOURCE CODE\KEYPLAYERS_GUI\KEYPLAYERS_GUI\DEBUG\KEYPLAYERS_GUI.PCH
E:\DATA\STUDY\SOCIAL NETWORK\CODING\BAO CAO\SOURCE CODE\KEYPLAYERS_GUI\KEYPLAYERS_GUI\DEBUG\KEYPLAYERS_GUI.RES
E:\DATA\STUDY\SOCIAL NETWORK\CODING\BAO CAO\SOURCE CODE\KEYPLAYERS_GUI\KEYPLAYERS_GUI\DEBUG\KEYPLAYERS_GUIDLG.OBJ
E:\DATA\STUDY\SOCIAL NETWORK\CODING\BAO CAO\SOURCE CODE\KEYPLAYERS_GUI\KEYPLAYERS_GUI\DEBUG\STDAFX.OBJ
E:\DATA\STUDY\SOCIAL NETWORK\CODING\BAO CAO\SOURCE CODE\KEYPLAYERS_GUI\KEYPLAYERS_GUI\DEBUG\VC100.PDB
E:\DATA\STUDY\SOCIAL NETWORK\CODING\BAO CAO\SOURCE CODE\KEYPLAYERS_INFO_INFLUENCE_GUI\DEBUG\KEYPLAYERS_GUI.EXE
E:\DATA\STUDY\SOCIAL NETWORK\CODING\BAO CAO\SOURCE CODE\KEYPLAYERS_INFO_INFLUENCE_GUI\DEBUG\KEYPLAYERS_GUI.ILK
E:\DATA\STUDY\SOCIAL NETWORK\CODING\BAO CAO\SOURCE CODE\KEYPLAYERS_INFO_INFLUENCE_GUI\DEBUG\KEYPLAYERS_GUI.PDB
E:\DATA\STUDY\SOCIAL NETWORK\CODING\BAO CAO\SOURCE CODE\KEYPLAYERS_INFO_INFLUENCE_GUI\DEBUG\KEYPLAYERS_INFO_INFLUENCE_GUI.EXE
E:\DATA\STUDY\SOCIAL NETWORK\CODING\BAO CAO\SOURCE CODE\KEYPLAYERS_INFO_INFLUENCE_GUI\DEBUG\KEYPLAYERS_INFO_INFLUENCE_GUI.ILK
E:\DATA\STUDY\SOCIAL NETWORK\CODING\BAO CAO\SOURCE CODE\KEYPLAYERS_INFO_INFLUENCE_GUI\DEBUG\KEYPLAYERS_INFO_INFLUENCE_GUI.PDB
E:\DATA\Study\social network\Coding\BAO CAO\Source Code\Keyplayers_Info_Influence_GUI\Keyplayers_GUI\Debug\cl.command.1.tlog
E:\DATA\Study\social network\Coding\BAO CAO\Source Code\Keyplayers_Info_Influence_GUI\Keyplayers_GUI\Debug\CL.read.1.tlog
E:\DATA\Study\social network\Coding\BAO CAO\Source Code\Keyplayers_Info_Influence_GUI\Keyplayers_GUI\Debug\CL.write.1.tlog
E:\DATA\Study\social network\Coding\BAO CAO\Source Code\Keyplayers_Info_Influence_GUI\Keyplayers_GUI\Debug\Keyplayers_GUI.exe.embed.manifest
E:\DATA\STUDY\SOCIAL NETWORK\CODING\BAO CAO\SOURCE CODE\KEYPLAYERS_INFO_INFLUENCE_GUI\KEYPLAYERS_GUI\DEBUG\KEYPLAYERS_GUI.EXE.EMBED.MANIFEST.RES
E:\DATA\STUDY\SOCIAL NETWORK\CODING\BAO CAO\SOURCE CODE\KEYPLAYERS_INFO_INFLUENCE_GUI\KEYPLAYERS_GUI\DEBUG\KEYPLAYERS_GUI.EXE.INTERMEDIATE.MANIFEST
E:\DATA\STUDY\SOCIAL NETWORK\CODING\BAO CAO\SOURCE CODE\KEYPLAYERS_INFO_INFLUENCE_GUI\KEYPLAYERS_GUI\DEBUG\KEYPLAYERS_GUI.OBJ
E:\DATA\STUDY\SOCIAL NETWORK\CODING\BAO CAO\SOURCE CODE\KEYPLAYERS_INFO_INFLUENCE_GUI\KEYPLAYERS_GUI\DEBUG\KEYPLAYERS_GUI.PCH
E:\DATA\STUDY\SOCIAL NETWORK\CODING\BAO CAO\SOURCE CODE\KEYPLAYERS_INFO_INFLUENCE_GUI\KEYPLAYERS_GUI\DEBUG\KEYPLAYERS_GUI.RES
E:\DATA\Study\social network\Coding\BAO CAO\Source Code\Keyplayers_Info_Influence_GUI\Keyplayers_GUI\Debug\Keyplayers_GUI.vcxprojResolveAssemblyReference.cache
E:\DATA\Study\social network\Coding\BAO CAO\Source Code\Keyplayers_Info_Influence_GUI\Keyplayers_GUI\Debug\Keyplayers_GUI.write.1.tlog
E:\DATA\Study\social network\Coding\BAO CAO\Source Code\Keyplayers_Info_Influence_GUI\Keyplayers_GUI\Debug\Keyplayers_GUI_manifest.rc
E:\DATA\STUDY\SOCIAL NETWORK\CODING\BAO CAO\SOURCE CODE\KEYPLAYERS_INFO_INFLUENCE_GUI\KEYPLAYERS_GUI\DEBUG\KEYPLAYERS_GUIDLG.OBJ
E:\DATA\STUDY\SOCIAL NETWORK\CODING\BAO CAO\SOURCE CODE\KEYPLAYERS_INFO_INFLUENCE_GUI\KEYPLAYERS_GUI\DEBUG\KEYPLAYERS_INFO_INFLUENCE_GUI.EXE.EMBED.MANIFEST.RES
E:\DATA\STUDY\SOCIAL NETWORK\CODING\BAO CAO\SOURCE CODE\KEYPLAYERS_INFO_INFLUENCE_GUI\KEYPLAYERS_GUI\DEBUG\KEYPLAYERS_INFO_INFLUENCE_GUI.EXE.INTERMEDIATE.MANIFEST
E:\DATA\Study\social network\Coding\BAO CAO\Source Code\Keyplayers_Info_Influence_GUI\Keyplayers_GUI\Debug\link.10084.read.1.tlog
E:\DATA\Study\social network\Coding\BAO CAO\Source Code\Keyplayers_Info_Influence_GUI\Keyplayers_GUI\Debug\link.10084.write.1.tlog
E:\DATA\Study\social network\Coding\BAO CAO\Source Code\Keyplayers_Info_Influence_GUI\Keyplayers_GUI\Debug\link.10084-cvtres.read.1.tlog
E:\DATA\Study\social network\Coding\BAO CAO\Source Code\Keyplayers_Info_Influence_GUI\Keyplayers_GUI\Debug\link.10084-cvtres.write.1.tlog
E:\DATA\Study\social network\Coding\BAO CAO\Source Code\Keyplayers_Info_Influence_GUI\Keyplayers_GUI\Debug\link.10328.read.1.tlog
E:\DATA\Study\social network\Coding\BAO CAO\Source Code\Keyplayers_Info_Influence_GUI\Keyplayers_GUI\Debug\link.10328.write.1.tlog
E:\DATA\Study\social network\Coding\BAO CAO\Source Code\Keyplayers_Info_Influence_GUI\Keyplayers_GUI\Debug\link.10328-cvtres.read.1.tlog
E:\DATA\Study\social network\Coding\BAO CAO\Source Code\Keyplayers_Info_Influence_GUI\Keyplayers_GUI\Debug\link.10328-cvtres.write.1.tlog
E:\DATA\Study\social network\Coding\BAO CAO\Source Code\Keyplayers_Info_Influence_GUI\Keyplayers_GUI\Debug\link.1064.read.1.tlog
E:\DATA\Study\social network\Coding\BAO CAO\Source Code\Keyplayers_Info_Influence_GUI\Keyplayers_GUI\Debug\link.1064.write.1.tlog
E:\DATA\Study\social network\Coding\BAO CAO\Source Code\Keyplayers_Info_Influence_GUI\Keyplayers_GUI\Debug\link.1064-cvtres.read.1.tlog
E:\DATA\Study\social network\Coding\BAO CAO\Source Code\Keyplayers_Info_Influence_GUI\Keyplayers_GUI\Debug\link.1064-cvtres.write.1.tlog
E:\DATA\Study\social network\Coding\BAO CAO\Source Code\Keyplayers_Info_Influence_GUI\Keyplayers_GUI\Debug\link.10792.read.1.tlog
E:\DATA\Study\social network\Coding\BAO CAO\Source Code\Keyplayers_Info_Influence_GUI\Keyplayers_GUI\Debug\link.10792.write.1.tlog
E:\DATA\Study\social network\Coding\BAO CAO\Source Code\Keyplayers_Info_Influence_GUI\Keyplayers_GUI\Debug\link.10792-cvtres.read.1.tlog
E:\DATA\Study\social network\Coding\BAO CAO\Source Code\Keyplayers_Info_Influence_GUI\Keyplayers_GUI\Debug\link.10792-cvtres.write.1.tlog
E:\DATA\Study\social network\Coding\BAO CAO\Source Code\Keyplayers_Info_Influence_GUI\Keyplayers_GUI\Debug\link.10832.read.1.tlog
E:\DATA\Study\social network\Coding\BAO CAO\Source Code\Keyplayers_Info_Influence_GUI\Keyplayers_GUI\Debug\link.10832.write.1.tlog
E:\DATA\Study\social network\Coding\BAO CAO\Source Code\Keyplayers_Info_Influence_GUI\Keyplayers_GUI\Debug\link.10832-cvtres.read.1.tlog
E:\DATA\Study\social network\Coding\BAO CAO\Source Code\Keyplayers_Info_Influence_GUI\Keyplayers_GUI\Debug\link.10832-cvtres.write.1.tlog
E:\DATA\Study\social network\Coding\BAO CAO\Source Code\Keyplayers_Info_Influence_GUI\Keyplayers_GUI\Debug\link.10884.read.1.tlog
E:\DATA\Study\social network\Coding\BAO CAO\Source Code\Keyplayers_Info_Influence_GUI\Keyplayers_GUI\Debug\link.10884.write.1.tlog
E:\DATA\Study\social network\Coding\BAO CAO\Source Code\Keyplayers_Info_Influence_GUI\Keyplayers_GUI\Debug\link.10884-cvtres.read.1.tlog
E:\DATA\Study\social network\Coding\BAO CAO\Source Code\Keyplayers_Info_Influence_GUI\Keyplayers_GUI\Debug\link.10884-cvtres.write.1.tlog
E:\DATA\Study\social network\Coding\BAO CAO\Source Code\Keyplayers_Info_Influence_GUI\Keyplayers_GUI\Debug\link.11104.read.1.tlog
E:\DATA\Study\social network\Coding\BAO CAO\Source Code\Keyplayers_Info_Influence_GUI\Keyplayers_GUI\Debug\link.11104.write.1.tlog
E:\DATA\Study\social network\Coding\BAO CAO\Source Code\Keyplayers_Info_Influence_GUI\Keyplayers_GUI\Debug\link.11104-cvtres.read.1.tlog
E:\DATA\Study\social network\Coding\BAO CAO\Source Code\Keyplayers_Info_Influence_GUI\Keyplayers_GUI\Debug\link.11104-cvtres.write.1.tlog
E:\DATA\Study\social network\Coding\BAO CAO\Source Code\Keyplayers_Info_Influence_GUI\Keyplayers_GUI\Debug\link.11192.read.1.tlog
E:\DATA\Study\social network\Coding\BAO CAO\Source Code\Keyplayers_Info_Influence_GUI\Keyplayers_GUI\Debug\link.11192.write.1.tlog
E:\DATA\Study\social network\Coding\BAO CAO\Source Code\Keyplayers_Info_Influence_GUI\Keyplayers_GUI\Debug\link.11192-cvtres.read.1.tlog
E:\DATA\Study\social network\Coding\BAO CAO\Source Code\Keyplayers_Info_Influence_GUI\Keyplayers_GUI\Debug\link.11192-cvtres.write.1.tlog
E:\DATA\Study\social network\Coding\BAO CAO\Source Code\Keyplayers_Info_Influence_GUI\Keyplayers_GUI\Debug\link.11536.read.1.tlog
E:\DATA\Study\social network\Coding\BAO CAO\Source Code\Keyplayers_Info_Influence_GUI\Keyplayers_GUI\Debug\link.11536.write.1.tlog
E:\DATA\Study\social network\Coding\BAO CAO\Source Code\Keyplayers_Info_Influence_GUI\Keyplayers_GUI\Debug\link.11536-cvtres.read.1.tlog
E:\DATA\Study\social network\Coding\BAO CAO\Source Code\Keyplayers_Info_Influence_GUI\Keyplayers_GUI\Debug\link.11536-cvtres.write.1.tlog
E:\DATA\Study\social network\Coding\BAO CAO\Source Code\Keyplayers_Info_Influence_GUI\Keyplayers_GUI\Debug\link.11708.read.1.tlog
E:\DATA\Study\social network\Coding\BAO CAO\Source Code\Keyplayers_Info_Influence_GUI\Keyplayers_GUI\Debug\link.11708.write.1.tlog
E:\DATA\Study\social network\Coding\BAO CAO\Source Code\Keyplayers_Info_Influence_GUI\Keyplayers_GUI\Debug\link.11708-cvtres.read.1.tlog
E:\DATA\Study\social network\Coding\BAO CAO\Source Code\Keyplayers_Info_Influence_GUI\Keyplayers_GUI\Debug\link.11708-cvtres.write.1.tlog
E:\DATA\Study\social network\Coding\BAO CAO\Source Code\Keyplayers_Info_Influence_GUI\Keyplayers_GUI\Debug\link.11732.read.1.tlog
E:\DATA\Study\social network\Coding\BAO CAO\Source Code\Keyplayers_Info_Influence_GUI\Keyplayers_GUI\Debug\link.11732.write.1.tlog
E:\DATA\Study\social network\Coding\BAO CAO\Source Code\Keyplayers_Info_Influence_GUI\Keyplayers_GUI\Debug\link.11732-cvtres.read.1.tlog
E:\DATA\Study\social network\Coding\BAO CAO\Source Code\Keyplayers_Info_Influence_GUI\Keyplayers_GUI\Debug\link.11732-cvtres.write.1.tlog
E:\DATA\Study\social network\Coding\BAO CAO\Source Code\Keyplayers_Info_Influence_GUI\Keyplayers_GUI\Debug\link.1184.read.1.tlog
E:\DATA\Study\social network\Coding\BAO CAO\Source Code\Keyplayers_Info_Influence_GUI\Keyplayers_GUI\Debug\link.1184.write.1.tlog
E:\DATA\Study\social network\Coding\BAO CAO\Source Code\Keyplayers_Info_Influence_GUI\Keyplayers_GUI\Debug\link.1184-cvtres.read.1.tlog
E:\DATA\Study\social network\Coding\BAO CAO\Source Code\Keyplayers_Info_Influence_GUI\Keyplayers_GUI\Debug\link.1184-cvtres.write.1.tlog
E:\DATA\Study\social network\Coding\BAO CAO\Source Code\Keyplayers_Info_Influence_GUI\Keyplayers_GUI\Debug\link.12132.read.1.tlog
E:\DATA\Study\social network\Coding\BAO CAO\Source Code\Keyplayers_Info_Influence_GUI\Keyplayers_GUI\Debug\link.12132.write.1.tlog
E:\DATA\Study\social network\Coding\BAO CAO\Source Code\Keyplayers_Info_Influence_GUI\Keyplayers_GUI\Debug\link.12132-cvtres.read.1.tlog
E:\DATA\Study\social network\Coding\BAO CAO\Source Code\Keyplayers_Info_Influence_GUI\Keyplayers_GUI\Debug\link.12132-cvtres.write.1.tlog
E:\DATA\Study\social network\Coding\BAO CAO\Source Code\Keyplayers_Info_Influence_GUI\Keyplayers_GUI\Debug\link.12364.read.1.tlog
E:\DATA\Study\social network\Coding\BAO CAO\Source Code\Keyplayers_Info_Influence_GUI\Keyplayers_GUI\Debug\link.12364.write.1.tlog
E:\DATA\Study\social network\Coding\BAO CAO\Source Code\Keyplayers_Info_Influence_GUI\Keyplayers_GUI\Debug\link.12364-cvtres.read.1.tlog
E:\DATA\Study\social network\Coding\BAO CAO\Source Code\Keyplayers_Info_Influence_GUI\Keyplayers_GUI\Debug\link.12364-cvtres.write.1.tlog
E:\DATA\Study\social network\Coding\BAO CAO\Source Code\Keyplayers_Info_Influence_GUI\Keyplayers_GUI\Debug\link.12460.read.1.tlog
E:\DATA\Study\social network\Coding\BAO CAO\Source Code\Keyplayers_Info_Influence_GUI\Keyplayers_GUI\Debug\link.12460.write.1.tlog
E:\DATA\Study\social network\Coding\BAO CAO\Source Code\Keyplayers_Info_Influence_GUI\Keyplayers_GUI\Debug\link.12460-cvtres.read.1.tlog
E:\DATA\Study\social network\Coding\BAO CAO\Source Code\Keyplayers_Info_Influence_GUI\Keyplayers_GUI\Debug\link.12460-cvtres.write.1.tlog
E:\DATA\Study\social network\Coding\BAO CAO\Source Code\Keyplayers_Info_Influence_GUI\Keyplayers_GUI\Debug\link.12612.read.1.tlog
E:\DATA\Study\social network\Coding\BAO CAO\Source Code\Keyplayers_Info_Influence_GUI\Keyplayers_GUI\Debug\link.12612.write.1.tlog
E:\DATA\Study\social network\Coding\BAO CAO\Source Code\Keyplayers_Info_Influence_GUI\Keyplayers_GUI\Debug\link.12612-cvtres.read.1.tlog
E:\DATA\Study\social network\Coding\BAO CAO\Source Code\Keyplayers_Info_Influence_GUI\Keyplayers_GUI\Debug\link.12612-cvtres.write.1.tlog
E:\DATA\Study\social network\Coding\BAO CAO\Source Code\Keyplayers_Info_Influence_GUI\Keyplayers_GUI\Debug\link.12872.read.1.tlog
E:\DATA\Study\social network\Coding\BAO CAO\Source Code\Keyplayers_Info_Influence_GUI\Keyplayers_GUI\Debug\link.12872.write.1.tlog
E:\DATA\Study\social network\Coding\BAO CAO\Source Code\Keyplayers_Info_Influence_GUI\Keyplayers_GUI\Debug\link.12872-cvtres.read.1.tlog
E:\DATA\Study\social network\Coding\BAO CAO\Source Code\Keyplayers_Info_Influence_GUI\Keyplayers_GUI\Debug\link.12872-cvtres.write.1.tlog
E:\DATA\Study\social network\Coding\BAO CAO\Source Code\Keyplayers_Info_Influence_GUI\Keyplayers_GUI\Debug\link.13076.read.1.tlog
E:\DATA\Study\social network\Coding\BAO CAO\Source Code\Keyplayers_Info_Influence_GUI\Keyplayers_GUI\Debug\link.13076.write.1.tlog
E:\DATA\Study\social network\Coding\BAO CAO\Source Code\Keyplayers_Info_Influence_GUI\Keyplayers_GUI\Debug\link.13076-cvtres.read.1.tlog
E:\DATA\Study\social network\Coding\BAO CAO\Source Code\Keyplayers_Info_Influence_GUI\Keyplayers_GUI\Debug\link.13076-cvtres.write.1.tlog
E:\DATA\Study\social network\Coding\BAO CAO\Source Code\Keyplayers_Info_Influence_GUI\Keyplayers_GUI\Debug\link.13224.read.1.tlog
E:\DATA\Study\social network\Coding\BAO CAO\Source Code\Keyplayers_Info_Influence_GUI\Keyplayers_GUI\Debug\link.13224.write.1.tlog
E:\DATA\Study\social network\Coding\BAO CAO\Source Code\Keyplayers_Info_Influence_GUI\Keyplayers_GUI\Debug\link.13224-cvtres.read.1.tlog
E:\DATA\Study\social network\Coding\BAO CAO\Source Code\Keyplayers_Info_Influence_GUI\Keyplayers_GUI\Debug\link.13224-cvtres.write.1.tlog
E:\DATA\Study\social network\Coding\BAO CAO\Source Code\Keyplayers_Info_Influence_GUI\Keyplayers_GUI\Debug\link.13796.read.1.tlog
E:\DATA\Study\social network\Coding\BAO CAO\Source Code\Keyplayers_Info_Influence_GUI\Keyplayers_GUI\Debug\link.13796.write.1.tlog
E:\DATA\Study\social network\Coding\BAO CAO\Source Code\Keyplayers_Info_Influence_GUI\Keyplayers_GUI\Debug\link.13796-cvtres.read.1.tlog
E:\DATA\Study\social network\Coding\BAO CAO\Source Code\Keyplayers_Info_Influence_GUI\Keyplayers_GUI\Debug\link.13796-cvtres.write.1.tlog
E:\DATA\Study\social network\Coding\BAO CAO\Source Code\Keyplayers_Info_Influence_GUI\Keyplayers_GUI\Debug\link.14264.read.1.tlog
E:\DATA\Study\social network\Coding\BAO CAO\Source Code\Keyplayers_Info_Influence_GUI\Keyplayers_GUI\Debug\link.14264.write.1.tlog
E:\DATA\Study\social network\Coding\BAO CAO\Source Code\Keyplayers_Info_Influence_GUI\Keyplayers_GUI\Debug\link.14264-cvtres.read.1.tlog
E:\DATA\Study\social network\Coding\BAO CAO\Source Code\Keyplayers_Info_Influence_GUI\Keyplayers_GUI\Debug\link.14264-cvtres.write.1.tlog
E:\DATA\Study\social network\Coding\BAO CAO\Source Code\Keyplayers_Info_Influence_GUI\Keyplayers_GUI\Debug\link.14424.read.1.tlog
E:\DATA\Study\social network\Coding\BAO CAO\Source Code\Keyplayers_Info_Influence_GUI\Keyplayers_GUI\Debug\link.14424.write.1.tlog
E:\DATA\Study\social network\Coding\BAO CAO\Source Code\Keyplayers_Info_Influence_GUI\Keyplayers_GUI\Debug\link.14424-cvtres.read.1.tlog
E:\DATA\Study\social network\Coding\BAO CAO\Source Code\Keyplayers_Info_Influence_GUI\Keyplayers_GUI\Debug\link.14424-cvtres.write.1.tlog
E:\DATA\Study\social network\Coding\BAO CAO\Source Code\Keyplayers_Info_Influence_GUI\Keyplayers_GUI\Debug\link.14804.read.1.tlog
E:\DATA\Study\social network\Coding\BAO CAO\Source Code\Keyplayers_Info_Influence_GUI\Keyplayers_GUI\Debug\link.14804.write.1.tlog
E:\DATA\Study\social network\Coding\BAO CAO\Source Code\Keyplayers_Info_Influence_GUI\Keyplayers_GUI\Debug\link.14804-cvtres.read.1.tlog
E:\DATA\Study\social network\Coding\BAO CAO\Source Code\Keyplayers_Info_Influence_GUI\Keyplayers_GUI\Debug\link.14804-cvtres.write.1.tlog
E:\DATA\Study\social network\Coding\BAO CAO\Source Code\Keyplayers_Info_Influence_GUI\Keyplayers_GUI\Debug\link.14820.read.1.tlog
E:\DATA\Study\social network\Coding\BAO CAO\Source Code\Keyplayers_Info_Influence_GUI\Keyplayers_GUI\Debug\link.14820.write.1.tlog
E:\DATA\Study\social network\Coding\BAO CAO\Source Code\Keyplayers_Info_Influence_GUI\Keyplayers_GUI\Debug\link.14820-cvtres.read.1.tlog
E:\DATA\Study\social network\Coding\BAO CAO\Source Code\Keyplayers_Info_Influence_GUI\Keyplayers_GUI\Debug\link.14820-cvtres.write.1.tlog
E:\DATA\Study\social network\Coding\BAO CAO\Source Code\Keyplayers_Info_Influence_GUI\Keyplayers_GUI\Debug\link.14920.read.1.tlog
E:\DATA\Study\social network\Coding\BAO CAO\Source Code\Keyplayers_Info_Influence_GUI\Keyplayers_GUI\Debug\link.14920.write.1.tlog
E:\DATA\Study\social network\Coding\BAO CAO\Source Code\Keyplayers_Info_Influence_GUI\Keyplayers_GUI\Debug\link.14920-cvtres.read.1.tlog
E:\DATA\Study\social network\Coding\BAO CAO\Source Code\Keyplayers_Info_Influence_GUI\Keyplayers_GUI\Debug\link.14920-cvtres.write.1.tlog
E:\DATA\Study\social network\Coding\BAO CAO\Source Code\Keyplayers_Info_Influence_GUI\Keyplayers_GUI\Debug\link.1812.read.1.tlog
E:\DATA\Study\social network\Coding\BAO CAO\Source Code\Keyplayers_Info_Influence_GUI\Keyplayers_GUI\Debug\link.1812.write.1.tlog
E:\DATA\Study\social network\Coding\BAO CAO\Source Code\Keyplayers_Info_Influence_GUI\Keyplayers_GUI\Debug\link.1812-cvtres.read.1.tlog
E:\DATA\Study\social network\Coding\BAO CAO\Source Code\Keyplayers_Info_Influence_GUI\Keyplayers_GUI\Debug\link.1812-cvtres.write.1.tlog
E:\DATA\Study\social network\Coding\BAO CAO\Source Code\Keyplayers_Info_Influence_GUI\Keyplayers_GUI\Debug\link.3496.read.1.tlog
E:\DATA\Study\social network\Coding\BAO CAO\Source Code\Keyplayers_Info_Influence_GUI\Keyplayers_GUI\Debug\link.3496.write.1.tlog
E:\DATA\Study\social network\Coding\BAO CAO\Source Code\Keyplayers_Info_Influence_GUI\Keyplayers_GUI\Debug\link.3496-cvtres.read.1.tlog
E:\DATA\Study\social network\Coding\BAO CAO\Source Code\Keyplayers_Info_Influence_GUI\Keyplayers_GUI\Debug\link.3496-cvtres.write.1.tlog
E:\DATA\Study\social network\Coding\BAO CAO\Source Code\Keyplayers_Info_Influence_GUI\Keyplayers_GUI\Debug\link.3704.read.1.tlog
E:\DATA\Study\social network\Coding\BAO CAO\Source Code\Keyplayers_Info_Influence_GUI\Keyplayers_GUI\Debug\link.3704.write.1.tlog
E:\DATA\Study\social network\Coding\BAO CAO\Source Code\Keyplayers_Info_Influence_GUI\Keyplayers_GUI\Debug\link.3704-cvtres.read.1.tlog
E:\DATA\Study\social network\Coding\BAO CAO\Source Code\Keyplayers_Info_Influence_GUI\Keyplayers_GUI\Debug\link.3704-cvtres.write.1.tlog
E:\DATA\Study\social network\Coding\BAO CAO\Source Code\Keyplayers_Info_Influence_GUI\Keyplayers_GUI\Debug\link.452.read.1.tlog
E:\DATA\Study\social network\Coding\BAO CAO\Source Code\Keyplayers_Info_Influence_GUI\Keyplayers_GUI\Debug\link.452.write.1.tlog
E:\DATA\Study\social network\Coding\BAO CAO\Source Code\Keyplayers_Info_Influence_GUI\Keyplayers_GUI\Debug\link.452-cvtres.read.1.tlog
E:\DATA\Study\social network\Coding\BAO CAO\Source Code\Keyplayers_Info_Influence_GUI\Keyplayers_GUI\Debug\link.452-cvtres.write.1.tlog
E:\DATA\Study\social network\Coding\BAO CAO\Source Code\Keyplayers_Info_Influence_GUI\Keyplayers_GUI\Debug\link.4536.read.1.tlog
E:\DATA\Study\social network\Coding\BAO CAO\Source Code\Keyplayers_Info_Influence_GUI\Keyplayers_GUI\Debug\link.4536.write.1.tlog
E:\DATA\Study\social network\Coding\BAO CAO\Source Code\Keyplayers_Info_Influence_GUI\Keyplayers_GUI\Debug\link.4536-cvtres.read.1.tlog
E:\DATA\Study\social network\Coding\BAO CAO\Source Code\Keyplayers_Info_Influence_GUI\Keyplayers_GUI\Debug\link.4536-cvtres.write.1.tlog
E:\DATA\Study\social network\Coding\BAO CAO\Source Code\Keyplayers_Info_Influence_GUI\Keyplayers_GUI\Debug\link.4936.read.1.tlog
E:\DATA\Study\social network\Coding\BAO CAO\Source Code\Keyplayers_Info_Influence_GUI\Keyplayers_GUI\Debug\link.4936.write.1.tlog
E:\DATA\Study\social network\Coding\BAO CAO\Source Code\Keyplayers_Info_Influence_GUI\Keyplayers_GUI\Debug\link.4936-cvtres.read.1.tlog
E:\DATA\Study\social network\Coding\BAO CAO\Source Code\Keyplayers_Info_Influence_GUI\Keyplayers_GUI\Debug\link.4936-cvtres.write.1.tlog
E:\DATA\Study\social network\Coding\BAO CAO\Source Code\Keyplayers_Info_Influence_GUI\Keyplayers_GUI\Debug\link.5204.read.1.tlog
E:\DATA\Study\social network\Coding\BAO CAO\Source Code\Keyplayers_Info_Influence_GUI\Keyplayers_GUI\Debug\link.5204.write.1.tlog
E:\DATA\Study\social network\Coding\BAO CAO\Source Code\Keyplayers_Info_Influence_GUI\Keyplayers_GUI\Debug\link.5204-cvtres.read.1.tlog
E:\DATA\Study\social network\Coding\BAO CAO\Source Code\Keyplayers_Info_Influence_GUI\Keyplayers_GUI\Debug\link.5204-cvtres.write.1.tlog
E:\DATA\Study\social network\Coding\BAO CAO\Source Code\Keyplayers_Info_Influence_GUI\Keyplayers_GUI\Debug\link.5236.read.1.tlog
E:\DATA\Study\social network\Coding\BAO CAO\Source Code\Keyplayers_Info_Influence_GUI\Keyplayers_GUI\Debug\link.5236.write.1.tlog
E:\DATA\Study\social network\Coding\BAO CAO\Source Code\Keyplayers_Info_Influence_GUI\Keyplayers_GUI\Debug\link.5236-cvtres.read.1.tlog
E:\DATA\Study\social network\Coding\BAO CAO\Source Code\Keyplayers_Info_Influence_GUI\Keyplayers_GUI\Debug\link.5236-cvtres.write.1.tlog
E:\DATA\Study\social network\Coding\BAO CAO\Source Code\Keyplayers_Info_Influence_GUI\Keyplayers_GUI\Debug\link.5252.read.1.tlog
E:\DATA\Study\social network\Coding\BAO CAO\Source Code\Keyplayers_Info_Influence_GUI\Keyplayers_GUI\Debug\link.5252.write.1.tlog
E:\DATA\Study\social network\Coding\BAO CAO\Source Code\Keyplayers_Info_Influence_GUI\Keyplayers_GUI\Debug\link.5252-cvtres.read.1.tlog
E:\DATA\Study\social network\Coding\BAO CAO\Source Code\Keyplayers_Info_Influence_GUI\Keyplayers_GUI\Debug\link.5252-cvtres.write.1.tlog
E:\DATA\Study\social network\Coding\BAO CAO\Source Code\Keyplayers_Info_Influence_GUI\Keyplayers_GUI\Debug\link.5664.read.1.tlog
E:\DATA\Study\social network\Coding\BAO CAO\Source Code\Keyplayers_Info_Influence_GUI\Keyplayers_GUI\Debug\link.5664.write.1.tlog
E:\DATA\Study\social network\Coding\BAO CAO\Source Code\Keyplayers_Info_Influence_GUI\Keyplayers_GUI\Debug\link.5664-cvtres.read.1.tlog
E:\DATA\Study\social network\Coding\BAO CAO\Source Code\Keyplayers_Info_Influence_GUI\Keyplayers_GUI\Debug\link.5664-cvtres.write.1.tlog
E:\DATA\Study\social network\Coding\BAO CAO\Source Code\Keyplayers_Info_Influence_GUI\Keyplayers_GUI\Debug\link.5760.read.1.tlog
E:\DATA\Study\social network\Coding\BAO CAO\Source Code\Keyplayers_Info_Influence_GUI\Keyplayers_GUI\Debug\link.5760.write.1.tlog
E:\DATA\Study\social network\Coding\BAO CAO\Source Code\Keyplayers_Info_Influence_GUI\Keyplayers_GUI\Debug\link.5760-cvtres.read.1.tlog
E:\DATA\Study\social network\Coding\BAO CAO\Source Code\Keyplayers_Info_Influence_GUI\Keyplayers_GUI\Debug\link.5760-cvtres.write.1.tlog
E:\DATA\Study\social network\Coding\BAO CAO\Source Code\Keyplayers_Info_Influence_GUI\Keyplayers_GUI\Debug\link.5876.read.1.tlog
E:\DATA\Study\social network\Coding\BAO CAO\Source Code\Keyplayers_Info_Influence_GUI\Keyplayers_GUI\Debug\link.5876.write.1.tlog
E:\DATA\Study\social network\Coding\BAO CAO\Source Code\Keyplayers_Info_Influence_GUI\Keyplayers_GUI\Debug\link.5876-cvtres.read.1.tlog
E:\DATA\Study\social network\Coding\BAO CAO\Source Code\Keyplayers_Info_Influence_GUI\Keyplayers_GUI\Debug\link.5876-cvtres.write.1.tlog
E:\DATA\Study\social network\Coding\BAO CAO\Source Code\Keyplayers_Info_Influence_GUI\Keyplayers_GUI\Debug\link.6116.read.1.tlog
E:\DATA\Study\social network\Coding\BAO CAO\Source Code\Keyplayers_Info_Influence_GUI\Keyplayers_GUI\Debug\link.6116.write.1.tlog
E:\DATA\Study\social network\Coding\BAO CAO\Source Code\Keyplayers_Info_Influence_GUI\Keyplayers_GUI\Debug\link.6116-cvtres.read.1.tlog
E:\DATA\Study\social network\Coding\BAO CAO\Source Code\Keyplayers_Info_Influence_GUI\Keyplayers_GUI\Debug\link.6116-cvtres.write.1.tlog
E:\DATA\Study\social network\Coding\BAO CAO\Source Code\Keyplayers_Info_Influence_GUI\Keyplayers_GUI\Debug\link.6520.read.1.tlog
E:\DATA\Study\social network\Coding\BAO CAO\Source Code\Keyplayers_Info_Influence_GUI\Keyplayers_GUI\Debug\link.6520.write.1.tlog
E:\DATA\Study\social network\Coding\BAO CAO\Source Code\Keyplayers_Info_Influence_GUI\Keyplayers_GUI\Debug\link.6520-cvtres.read.1.tlog
E:\DATA\Study\social network\Coding\BAO CAO\Source Code\Keyplayers_Info_Influence_GUI\Keyplayers_GUI\Debug\link.6520-cvtres.write.1.tlog
E:\DATA\Study\social network\Coding\BAO CAO\Source Code\Keyplayers_Info_Influence_GUI\Keyplayers_GUI\Debug\link.6732.read.1.tlog
E:\DATA\Study\social network\Coding\BAO CAO\Source Code\Keyplayers_Info_Influence_GUI\Keyplayers_GUI\Debug\link.6732.write.1.tlog
E:\DATA\Study\social network\Coding\BAO CAO\Source Code\Keyplayers_Info_Influence_GUI\Keyplayers_GUI\Debug\link.6732-cvtres.read.1.tlog
E:\DATA\Study\social network\Coding\BAO CAO\Source Code\Keyplayers_Info_Influence_GUI\Keyplayers_GUI\Debug\link.6732-cvtres.write.1.tlog
E:\DATA\Study\social network\Coding\BAO CAO\Source Code\Keyplayers_Info_Influence_GUI\Keyplayers_GUI\Debug\link.6768.read.1.tlog
E:\DATA\Study\social network\Coding\BAO CAO\Source Code\Keyplayers_Info_Influence_GUI\Keyplayers_GUI\Debug\link.6768.write.1.tlog
E:\DATA\Study\social network\Coding\BAO CAO\Source Code\Keyplayers_Info_Influence_GUI\Keyplayers_GUI\Debug\link.6768-cvtres.read.1.tlog
E:\DATA\Study\social network\Coding\BAO CAO\Source Code\Keyplayers_Info_Influence_GUI\Keyplayers_GUI\Debug\link.6768-cvtres.write.1.tlog
E:\DATA\Study\social network\Coding\BAO CAO\Source Code\Keyplayers_Info_Influence_GUI\Keyplayers_GUI\Debug\link.6792.read.1.tlog
E:\DATA\Study\social network\Coding\BAO CAO\Source Code\Keyplayers_Info_Influence_GUI\Keyplayers_GUI\Debug\link.6792.write.1.tlog
E:\DATA\Study\social network\Coding\BAO CAO\Source Code\Keyplayers_Info_Influence_GUI\Keyplayers_GUI\Debug\link.6792-cvtres.read.1.tlog
E:\DATA\Study\social network\Coding\BAO CAO\Source Code\Keyplayers_Info_Influence_GUI\Keyplayers_GUI\Debug\link.6792-cvtres.write.1.tlog
E:\DATA\Study\social network\Coding\BAO CAO\Source Code\Keyplayers_Info_Influence_GUI\Keyplayers_GUI\Debug\link.6800.read.1.tlog
E:\DATA\Study\social network\Coding\BAO CAO\Source Code\Keyplayers_Info_Influence_GUI\Keyplayers_GUI\Debug\link.6800.write.1.tlog
E:\DATA\Study\social network\Coding\BAO CAO\Source Code\Keyplayers_Info_Influence_GUI\Keyplayers_GUI\Debug\link.6800-cvtres.read.1.tlog
E:\DATA\Study\social network\Coding\BAO CAO\Source Code\Keyplayers_Info_Influence_GUI\Keyplayers_GUI\Debug\link.6800-cvtres.write.1.tlog
E:\DATA\Study\social network\Coding\BAO CAO\Source Code\Keyplayers_Info_Influence_GUI\Keyplayers_GUI\Debug\link.7400.read.1.tlog
E:\DATA\Study\social network\Coding\BAO CAO\Source Code\Keyplayers_Info_Influence_GUI\Keyplayers_GUI\Debug\link.7400.write.1.tlog
E:\DATA\Study\social network\Coding\BAO CAO\Source Code\Keyplayers_Info_Influence_GUI\Keyplayers_GUI\Debug\link.7400-cvtres.read.1.tlog
E:\DATA\Study\social network\Coding\BAO CAO\Source Code\Keyplayers_Info_Influence_GUI\Keyplayers_GUI\Debug\link.7400-cvtres.write.1.tlog
E:\DATA\Study\social network\Coding\BAO CAO\Source Code\Keyplayers_Info_Influence_GUI\Keyplayers_GUI\Debug\link.7936.read.1.tlog
E:\DATA\Study\social network\Coding\BAO CAO\Source Code\Keyplayers_Info_Influence_GUI\Keyplayers_GUI\Debug\link.7936.write.1.tlog
E:\DATA\Study\social network\Coding\BAO CAO\Source Code\Keyplayers_Info_Influence_GUI\Keyplayers_GUI\Debug\link.7936-cvtres.read.1.tlog
E:\DATA\Study\social network\Coding\BAO CAO\Source Code\Keyplayers_Info_Influence_GUI\Keyplayers_GUI\Debug\link.7936-cvtres.write.1.tlog
E:\DATA\Study\social network\Coding\BAO CAO\Source Code\Keyplayers_Info_Influence_GUI\Keyplayers_GUI\Debug\link.8072.read.1.tlog
E:\DATA\Study\social network\Coding\BAO CAO\Source Code\Keyplayers_Info_Influence_GUI\Keyplayers_GUI\Debug\link.8072.write.1.tlog
E:\DATA\Study\social network\Coding\BAO CAO\Source Code\Keyplayers_Info_Influence_GUI\Keyplayers_GUI\Debug\link.8072-cvtres.read.1.tlog
E:\DATA\Study\social network\Coding\BAO CAO\Source Code\Keyplayers_Info_Influence_GUI\Keyplayers_GUI\Debug\link.8072-cvtres.write.1.tlog
E:\DATA\Study\social network\Coding\BAO CAO\Source Code\Keyplayers_Info_Influence_GUI\Keyplayers_GUI\Debug\link.8212.read.1.tlog
E:\DATA\Study\social network\Coding\BAO CAO\Source Code\Keyplayers_Info_Influence_GUI\Keyplayers_GUI\Debug\link.8212.write.1.tlog
E:\DATA\Study\social network\Coding\BAO CAO\Source Code\Keyplayers_Info_Influence_GUI\Keyplayers_GUI\Debug\link.8212-cvtres.read.1.tlog
E:\DATA\Study\social network\Coding\BAO CAO\Source Code\Keyplayers_Info_Influence_GUI\Keyplayers_GUI\Debug\link.8212-cvtres.write.1.tlog
E:\DATA\Study\social network\Coding\BAO CAO\Source Code\Keyplayers_Info_Influence_GUI\Keyplayers_GUI\Debug\link.8332.read.1.tlog
E:\DATA\Study\social network\Coding\BAO CAO\Source Code\Keyplayers_Info_Influence_GUI\Keyplayers_GUI\Debug\link.8332.write.1.tlog
E:\DATA\Study\social network\Coding\BAO CAO\Source Code\Keyplayers_Info_Influence_GUI\Keyplayers_GUI\Debug\link.8332-cvtres.read.1.tlog
E:\DATA\Study\social network\Coding\BAO CAO\Source Code\Keyplayers_Info_Influence_GUI\Keyplayers_GUI\Debug\link.8332-cvtres.write.1.tlog
E:\DATA\Study\social network\Coding\BAO CAO\Source Code\Keyplayers_Info_Influence_GUI\Keyplayers_GUI\Debug\link.8544.read.1.tlog
E:\DATA\Study\social network\Coding\BAO CAO\Source Code\Keyplayers_Info_Influence_GUI\Keyplayers_GUI\Debug\link.8544.write.1.tlog
E:\DATA\Study\social network\Coding\BAO CAO\Source Code\Keyplayers_Info_Influence_GUI\Keyplayers_GUI\Debug\link.8544-cvtres.read.1.tlog
E:\DATA\Study\social network\Coding\BAO CAO\Source Code\Keyplayers_Info_Influence_GUI\Keyplayers_GUI\Debug\link.8544-cvtres.write.1.tlog
E:\DATA\Study\social network\Coding\BAO CAO\Source Code\Keyplayers_Info_Influence_GUI\Keyplayers_GUI\Debug\link.856.read.1.tlog
E:\DATA\Study\social network\Coding\BAO CAO\Source Code\Keyplayers_Info_Influence_GUI\Keyplayers_GUI\Debug\link.856.write.1.tlog
E:\DATA\Study\social network\Coding\BAO CAO\Source Code\Keyplayers_Info_Influence_GUI\Keyplayers_GUI\Debug\link.856-cvtres.read.1.tlog
E:\DATA\Study\social network\Coding\BAO CAO\Source Code\Keyplayers_Info_Influence_GUI\Keyplayers_GUI\Debug\link.856-cvtres.write.1.tlog
E:\DATA\Study\social network\Coding\BAO CAO\Source Code\Keyplayers_Info_Influence_GUI\Keyplayers_GUI\Debug\link.8636.read.1.tlog
E:\DATA\Study\social network\Coding\BAO CAO\Source Code\Keyplayers_Info_Influence_GUI\Keyplayers_GUI\Debug\link.8636.write.1.tlog
E:\DATA\Study\social network\Coding\BAO CAO\Source Code\Keyplayers_Info_Influence_GUI\Keyplayers_GUI\Debug\link.8636-cvtres.read.1.tlog
E:\DATA\Study\social network\Coding\BAO CAO\Source Code\Keyplayers_Info_Influence_GUI\Keyplayers_GUI\Debug\link.8636-cvtres.write.1.tlog
E:\DATA\Study\social network\Coding\BAO CAO\Source Code\Keyplayers_Info_Influence_GUI\Keyplayers_GUI\Debug\link.8808.read.1.tlog
E:\DATA\Study\social network\Coding\BAO CAO\Source Code\Keyplayers_Info_Influence_GUI\Keyplayers_GUI\Debug\link.8808.write.1.tlog
E:\DATA\Study\social network\Coding\BAO CAO\Source Code\Keyplayers_Info_Influence_GUI\Keyplayers_GUI\Debug\link.8808-cvtres.read.1.tlog
E:\DATA\Study\social network\Coding\BAO CAO\Source Code\Keyplayers_Info_Influence_GUI\Keyplayers_GUI\Debug\link.8808-cvtres.write.1.tlog
E:\DATA\Study\social network\Coding\BAO CAO\Source Code\Keyplayers_Info_Influence_GUI\Keyplayers_GUI\Debug\link.8872.read.1.tlog
E:\DATA\Study\social network\Coding\BAO CAO\Source Code\Keyplayers_Info_Influence_GUI\Keyplayers_GUI\Debug\link.8872.write.1.tlog
E:\DATA\Study\social network\Coding\BAO CAO\Source Code\Keyplayers_Info_Influence_GUI\Keyplayers_GUI\Debug\link.8872-cvtres.read.1.tlog
E:\DATA\Study\social network\Coding\BAO CAO\Source Code\Keyplayers_Info_Influence_GUI\Keyplayers_GUI\Debug\link.8872-cvtres.write.1.tlog
E:\DATA\Study\social network\Coding\BAO CAO\Source Code\Keyplayers_Info_Influence_GUI\Keyplayers_GUI\Debug\link.9252.read.1.tlog
E:\DATA\Study\social network\Coding\BAO CAO\Source Code\Keyplayers_Info_Influence_GUI\Keyplayers_GUI\Debug\link.9252.write.1.tlog
E:\DATA\Study\social network\Coding\BAO CAO\Source Code\Keyplayers_Info_Influence_GUI\Keyplayers_GUI\Debug\link.9252-cvtres.read.1.tlog
E:\DATA\Study\social network\Coding\BAO CAO\Source Code\Keyplayers_Info_Influence_GUI\Keyplayers_GUI\Debug\link.9252-cvtres.write.1.tlog
E:\DATA\Study\social network\Coding\BAO CAO\Source Code\Keyplayers_Info_Influence_GUI\Keyplayers_GUI\Debug\link.9456.read.1.tlog
E:\DATA\Study\social network\Coding\BAO CAO\Source Code\Keyplayers_Info_Influence_GUI\Keyplayers_GUI\Debug\link.9456.write.1.tlog
E:\DATA\Study\social network\Coding\BAO CAO\Source Code\Keyplayers_Info_Influence_GUI\Keyplayers_GUI\Debug\link.9456-cvtres.read.1.tlog
E:\DATA\Study\social network\Coding\BAO CAO\Source Code\Keyplayers_Info_Influence_GUI\Keyplayers_GUI\Debug\link.9456-cvtres.write.1.tlog
E:\DATA\Study\social network\Coding\BAO CAO\Source Code\Keyplayers_Info_Influence_GUI\Keyplayers_GUI\Debug\link.980.read.1.tlog
E:\DATA\Study\social network\Coding\BAO CAO\Source Code\Keyplayers_Info_Influence_GUI\Keyplayers_GUI\Debug\link.980.write.1.tlog
E:\DATA\Study\social network\Coding\BAO CAO\Source Code\Keyplayers_Info_Influence_GUI\Keyplayers_GUI\Debug\link.980-cvtres.read.1.tlog
E:\DATA\Study\social network\Coding\BAO CAO\Source Code\Keyplayers_Info_Influence_GUI\Keyplayers_GUI\Debug\link.980-cvtres.write.1.tlog
E:\DATA\Study\social network\Coding\BAO CAO\Source Code\Keyplayers_Info_Influence_GUI\Keyplayers_GUI\Debug\link.command.1.tlog
E:\DATA\Study\social network\Coding\BAO CAO\Source Code\Keyplayers_Info_Influence_GUI\Keyplayers_GUI\Debug\link.read.1.tlog
E:\DATA\Study\social network\Coding\BAO CAO\Source Code\Keyplayers_Info_Influence_GUI\Keyplayers_GUI\Debug\link.write.1.tlog
E:\DATA\Study\social network\Coding\BAO CAO\Source Code\Keyplayers_Info_Influence_GUI\Keyplayers_GUI\Debug\link-cvtres.read.1.tlog
E:\DATA\Study\social network\Coding\BAO CAO\Source Code\Keyplayers_Info_Influence_GUI\Keyplayers_GUI\Debug\link-cvtres.write.1.tlog
E:\DATA\Study\social network\Coding\BAO CAO\Source Code\Keyplayers_Info_Influence_GUI\Keyplayers_GUI\Debug\mt.command.1.tlog
E:\DATA\Study\social network\Coding\BAO CAO\Source Code\Keyplayers_Info_Influence_GUI\Keyplayers_GUI\Debug\mt.read.1.tlog
E:\DATA\Study\social network\Coding\BAO CAO\Source Code\Keyplayers_Info_Influence_GUI\Keyplayers_GUI\Debug\mt.write.1.tlog
E:\DATA\Study\social network\Coding\BAO CAO\Source Code\Keyplayers_Info_Influence_GUI\Keyplayers_GUI\Debug\rc.command.1.tlog
E:\DATA\Study\social network\Coding\BAO CAO\Source Code\Keyplayers_Info_Influence_GUI\Keyplayers_GUI\Debug\rc.read.1.tlog
E:\DATA\Study\social network\Coding\BAO CAO\Source Code\Keyplayers_Info_Influence_GUI\Keyplayers_GUI\Debug\rc.write.1.tlog
E:\DATA\STUDY\SOCIAL NETWORK\CODING\BAO CAO\SOURCE CODE\KEYPLAYERS_INFO_INFLUENCE_GUI\KEYPLAYERS_GUI\DEBUG\STDAFX.OBJ
E:\DATA\Study\social network\Coding\BAO CAO\Source Code\Keyplayers_Info_Influence_GUI\Keyplayers_GUI\Debug\vc100.idb
E:\DATA\STUDY\SOCIAL NETWORK\CODING\BAO CAO\SOURCE CODE\KEYPLAYERS_INFO_INFLUENCE_GUI\KEYPLAYERS_GUI\DEBUG\VC100.PDB
