Build started 5/22/2016 12:53:26 PM.
     1>Project "E:\DATA\Study\social network\Coding\BAO CAO\Source Code\Keyplayers_Info_Influence_GUI\Keyplayers_GUI\Keyplayers_GUI.vcxproj" on node 2 (build target(s)).
     1>PrepareForBuild:
         Creating directory "E:\DATA\Study\social network\Coding\BAO CAO\Source Code\Keyplayers_Info_Influence_GUI\Release\".
       InitializeBuildStatus:
         Creating "Release\Keyplayers_GUI.unsuccessfulbuild" because "AlwaysCreate" was specified.
       ClCompile:
         C:\Program Files (x86)\Microsoft Visual Studio 10.0\VC\bin\CL.exe /c /Zi /nologo /W3 /WX- /O2 /Oi /Oy- /GL /D WIN32 /D _WINDOWS /D NDEBUG /D _UNICODE /D UNICODE /Gm- /EHsc /MT /GS /Gy /fp:precise /Zc:wchar_t /Zc:forScope /Yc"StdAfx.h" /Fp"Release\Keyplayers_GUI.pch" /Fo"Release\\" /Fd"Release\vc100.pdb" /Gd /TP /analyze- /errorReport:prompt stdafx.cpp
         stdafx.cpp
         C:\Program Files (x86)\Microsoft Visual Studio 10.0\VC\bin\CL.exe /c /Zi /nologo /W3 /WX- /O2 /Oi /Oy- /GL /D WIN32 /D _WINDOWS /D NDEBUG /D _UNICODE /D UNICODE /Gm- /EHsc /MT /GS /Gy /fp:precise /Zc:wchar_t /Zc:forScope /Yu"StdAfx.h" /Fp"Release\Keyplayers_GUI.pch" /Fo"Release\\" /Fd"Release\vc100.pdb" /Gd /TP /analyze- /errorReport:prompt Keyplayers_GUI.cpp Keyplayers_GUIDlg.cpp
         Keyplayers_GUI.cpp
         Keyplayers_GUIDlg.cpp
     1>Keyplayers_GUIDlg.cpp(216): warning C4996: 'itoa': The POSIX name for this item is deprecated. Instead, use the ISO C++ conformant name: _itoa. See online help for details.
                 C:\Program Files (x86)\Microsoft Visual Studio 10.0\VC\include\stdlib.h(867) : see declaration of 'itoa'
     1>Keyplayers_GUIDlg.cpp(312): warning C4244: '=' : conversion from 'double' to 'float', possible loss of data
     1>Keyplayers_GUIDlg.cpp(314): warning C4244: '=' : conversion from 'int' to 'float', possible loss of data
     1>Keyplayers_GUIDlg.cpp(350): warning C4996: 'itoa': The POSIX name for this item is deprecated. Instead, use the ISO C++ conformant name: _itoa. See online help for details.
                 C:\Program Files (x86)\Microsoft Visual Studio 10.0\VC\include\stdlib.h(867) : see declaration of 'itoa'
     1>Keyplayers_GUIDlg.cpp(352): warning C4996: 'itoa': The POSIX name for this item is deprecated. Instead, use the ISO C++ conformant name: _itoa. See online help for details.
                 C:\Program Files (x86)\Microsoft Visual Studio 10.0\VC\include\stdlib.h(867) : see declaration of 'itoa'
     1>Keyplayers_GUIDlg.cpp(366): warning C4305: '=' : truncation from 'INT' to 'float'
     1>Keyplayers_GUIDlg.cpp(383): warning C4305: '=' : truncation from 'INT' to 'float'
     1>Keyplayers_GUIDlg.cpp(416): warning C4996: 'itoa': The POSIX name for this item is deprecated. Instead, use the ISO C++ conformant name: _itoa. See online help for details.
                 C:\Program Files (x86)\Microsoft Visual Studio 10.0\VC\include\stdlib.h(867) : see declaration of 'itoa'
     1>Keyplayers_GUIDlg.cpp(530): warning C4244: '+=' : conversion from 'double' to 'float', possible loss of data
     1>Keyplayers_GUIDlg.cpp(538): warning C4244: '+=' : conversion from 'double' to 'float', possible loss of data
     1>Keyplayers_GUIDlg.cpp(584): warning C4244: '+=' : conversion from 'double' to 'float', possible loss of data
     1>Keyplayers_GUIDlg.cpp(659): warning C4996: 'ctime': This function or variable may be unsafe. Consider using ctime_s instead. To disable deprecation, use _CRT_SECURE_NO_WARNINGS. See online help for details.
                 C:\Program Files (x86)\Microsoft Visual Studio 10.0\VC\include\time.inl(86) : see declaration of 'ctime'
     1>Keyplayers_GUIDlg.cpp(708): warning C4996: 'ctime': This function or variable may be unsafe. Consider using ctime_s instead. To disable deprecation, use _CRT_SECURE_NO_WARNINGS. See online help for details.
                 C:\Program Files (x86)\Microsoft Visual Studio 10.0\VC\include\time.inl(86) : see declaration of 'ctime'
     1>Keyplayers_GUIDlg.cpp(790): warning C4244: 'argument' : conversion from 'double' to 'char', possible loss of data
       ResourceCompile:
         C:\Program Files (x86)\Microsoft SDKs\Windows\v7.0A\bin\rc.exe /D NDEBUG /D _UNICODE /D UNICODE /l"0x0409" /IRelease\ /nologo /fo"Release\Keyplayers_GUI.res" Keyplayers_GUI.rc 
       Link:
         C:\Program Files (x86)\Microsoft Visual Studio 10.0\VC\bin\link.exe /ERRORREPORT:PROMPT /OUT:"E:\DATA\Study\social network\Coding\BAO CAO\Source Code\Keyplayers_Info_Influence_GUI\Release\Keyplayers_GUI.exe" /INCREMENTAL:NO /NOLOGO /MANIFEST /ManifestFile:"Release\Keyplayers_GUI.exe.intermediate.manifest" /MANIFESTUAC:"level='asInvoker' uiAccess='false'" /DEBUG /PDB:"E:\DATA\Study\social network\Coding\BAO CAO\Source Code\Keyplayers_Info_Influence_GUI\Release\Keyplayers_GUI.pdb" /SUBSYSTEM:WINDOWS /OPT:REF /OPT:ICF /LTCG /TLBID:1 /ENTRY:"wWinMainCRTStartup" /DYNAMICBASE /NXCOMPAT /IMPLIB:"E:\DATA\Study\social network\Coding\BAO CAO\Source Code\Keyplayers_Info_Influence_GUI\Release\Keyplayers_GUI.lib" /MACHINE:X86 Release\Keyplayers_GUI.res
         Release\Keyplayers_GUI.obj
         Release\Keyplayers_GUIDlg.obj
         Release\stdafx.obj
         Generating code
         Finished generating code
         Keyplayers_GUI.vcxproj -> E:\DATA\Study\social network\Coding\BAO CAO\Source Code\Keyplayers_Info_Influence_GUI\Release\Keyplayers_GUI.exe
       Manifest:
         C:\Program Files (x86)\Microsoft SDKs\Windows\v7.0A\bin\mt.exe /nologo /verbose /outputresource:"E:\DATA\Study\social network\Coding\BAO CAO\Source Code\Keyplayers_Info_Influence_GUI\Release\Keyplayers_GUI.exe;#1" /manifest Release\Keyplayers_GUI.exe.intermediate.manifest "C:\Program Files (x86)\Microsoft Visual Studio 10.0\VC\Include\Manifest\dpiaware.manifest"
       FinalizeBuildStatus:
         Deleting file "Release\Keyplayers_GUI.unsuccessfulbuild".
         Touching "Release\Keyplayers_GUI.lastbuildstate".
     1>Done Building Project "E:\DATA\Study\social network\Coding\BAO CAO\Source Code\Keyplayers_Info_Influence_GUI\Keyplayers_GUI\Keyplayers_GUI.vcxproj" (build target(s)).

Build succeeded.

Time Elapsed 00:00:28.58
